This is XeTeX, Version 3.14159265-2.6-0.99996 (TeX Live 2016) (preloaded format=xelatex 2016.9.1)  21 FEB 2020 17:33
entering extended mode
 restricted \write18 enabled.
 file:line:error style messages enabled.
 %&-line parsing enabled.
**plot_figure_LW.tex
(./plot_figure_LW.tex
LaTeX2e <2016/03/31>
Babel <3.9r> and hyphenation patterns for 83 language(s) loaded.
(./aastex63.cls
Document Class: aastex63 2019/06/03 Version 6.3/AAS markup document class
Class aastex Info: 
 
 Original \LaTeX2.09 style by Chris Biemesderfer (chris@seagoat.com). 
 Adapted to \LaTeXe by A. Ogawa (ogawa@teleport.com)
 emulateapj.cls included, Copyright 2000-2015 Alexey Vikhlinin 
 Rewrite and update of emulateapj.cls, revised and enhanced with table macros, 
gridlines, draft watermark,
 track changes, new `modern' style and much more, by Amy Hendrickson,
 (amyh@texnology.com, http://www.texnology.com) 
 
  on input line 104.
\bibbaselineskip=\skip41
(/usr/local/texlive/2016/texmf-dist/tex/latex/revtex/revtex4-1.cls
Document Class: revtex4-1 2010/07/25/20:33:00 4.1r (http://publish.aps.org/revt
ex4/ for documentation)
 Copyright (c) 2009 The American Physical Society.
 mailto:revtex@aps.org
 Licensed under the LPPL:
http://www.ctan.org/tex-archive/macros/latex/base/lppl.txt
 Arthur Ogawa <arthur_ogawa at sbcglobal dot net>
 Based on work by David Carlisle <david at dcarlisle.demon.co.uk>.
ltxutil[2010/07/25/20:33:00 4.1r utilities package (portions licensed from W. E
. Baxter web at superscript.com)]
LaTeX Info: Redefining \@centercr on input line 308.
Class revtex4-1 Info: Repairing broken LaTeX eqnarray on input line 358.
\eqncolsep=\skip42
Class revtex4-1 Info: Repairing hyperref-unfriendly LaTeX definition of \mpfoot
note on input line 433.
Class revtex4-1 Info: Repairing broken LateX \@sect on input line 755.
\intertabularlinepenalty=\count79
\@tbpen=\count80
\@arstrutbox@hline=\box26
Class revtex4-1 Info: Repairing broken LaTeX \@xbitor on input line 1786.
Class revtex4-1 Info: Making \typeout \long on input line 2046.
ltxfront[2010/07/25/20:33:00 4.1r frontmatter package (AO,DPC)]
\c@affil=\count81
\c@collab=\count82
\absbox=\box27
ltxgrid[2010/07/25/20:33:00 4.1r page grid package (portions licensed from W. E
. Baxter web at superscript.com)]
\c@linecount=\count83
\output@latex=\toks14
\box@size@1=\box28
\box@size@2=\box29
\@protection@box=\box30
\@topmark@saved=\toks15
\footins@saved=\box31
\footins@recovered=\box32
\column@recovered=\box33
\pagesofar=\box34
\footsofar=\box35
\pagegrid@col=\count84
Class revtex4-1 Info: Overriding \@vspace, \@vspacer, \@no@pgbk, \@newline, and
 \\  on input line 5578.
\c@part=\count85
\c@section=\count86
\c@subsection=\count87
\c@subsubsection=\count88
\c@paragraph=\count89
\c@subparagraph=\count90
\abovecaptionskip=\skip43
\belowcaptionskip=\skip44
\c@figure=\count91
\fbox@1=\box36
\c@table=\count92
\fbox@2=\box37
\c@video=\count93
\fbox@4=\box38
\@bibdataout=\write3
\widetext@top=\box39
\widetext@bot=\box40
Class revtex4-1 Info: Selecting society aps on input line 7542.
(/usr/local/texlive/2016/texmf-dist/tex/latex/revtex/aps4-1.rtx
File: aps4-1 2010/07/25/20:33:00 4.1r (http://publish.aps.org/revtex4/ for docu
mentation)
Class revtex4-1 Info: RevTeX society APS selected on input line 31.
)
Class revtex4-1 Info: Selecting journal pra on input line 7544.
Class revtex4-1 Info: APS journal PRA selected on input line 7545.

(/usr/local/texlive/2016/texmf-dist/tex/latex/revtex/aps10pt4-1.rtx
File: aps10pt4-1 2010/07/25/20:33:00 4.1r (http://publish.aps.org/revtex4/ for 
documentation)
Class revtex4-1 Info: RevTeX pointsize 10pt selected on input line 30.
)
(/usr/local/texlive/2016/texmf-dist/tex/latex/textcase/textcase.sty
Package: textcase 2004/10/07 v0.07 Text only upper/lower case changing (DPC)
)
(/usr/local/texlive/2016/texmf-dist/tex/latex/url/url.sty
\Urlmuskip=\muskip10
Package: url 2013/09/16  ver 3.4  Verb mode for urls, etc.
)
(/usr/local/texlive/2016/texmf-dist/tex/latex/natbib/natbib.sty
Package: natbib 2010/09/13 8.31b (PWD, AO)
\bibhang=\skip45
\bibsep=\skip46
LaTeX Info: Redefining \cite on input line 694.
\c@NAT@ctr=\count94
)
Class revtex4-1 Info: Repairing natbib's \BibitemShut on input line 7549.

(/usr/local/texlive/2016/texmf-dist/tex/latex/revtex/revsymb4-1.sty
Package: revsymb4-1 2010/07/25/20:33:00 4.1r (http://publish.aps.org/revtex4/ f
or documentation)
LaTeX Info: Redefining \REV@mathfrak on input line 119.
))
(/usr/local/texlive/2016/texmf-dist/tex/latex/base/latexsym.sty
Package: latexsym 1998/08/17 v2.2e Standard LaTeX package (lasy symbols)
\symlasy=\mathgroup4
LaTeX Font Info:    Overwriting symbol font `lasy' in version `bold'
(Font)                  U/lasy/m/n --> U/lasy/b/n on input line 52.
)
(/usr/local/texlive/2016/texmf-dist/tex/latex/graphics/graphicx.sty
Package: graphicx 2014/10/28 v1.0g Enhanced LaTeX Graphics (DPC,SPQR)

(/usr/local/texlive/2016/texmf-dist/tex/latex/graphics/keyval.sty
Package: keyval 2014/10/28 v1.15 key=value parser (DPC)
\KV@toks@=\toks16
)
(/usr/local/texlive/2016/texmf-dist/tex/latex/graphics/graphics.sty
Package: graphics 2016/05/09 v1.0r Standard LaTeX Graphics (DPC,SPQR)

(/usr/local/texlive/2016/texmf-dist/tex/latex/graphics/trig.sty
Package: trig 2016/01/03 v1.10 sin cos tan (DPC)
)
(/usr/local/texlive/2016/texmf-dist/tex/latex/graphics-cfg/graphics.cfg
File: graphics.cfg 2016/01/02 v1.10 sample graphics configuration
)
Package graphics Info: Driver file: xetex.def on input line 96.

(/usr/local/texlive/2016/texmf-dist/tex/xelatex/xetex-def/xetex.def
File: xetex.def 2016/04/06 v4.08 LaTeX color/graphics driver for XeTeX (TeX Liv
e/RRM/JK)

(/usr/local/texlive/2016/texmf-dist/tex/generic/oberdiek/infwarerr.sty
Package: infwarerr 2016/05/16 v1.4 Providing info/warning/error messages (HO)
)
(/usr/local/texlive/2016/texmf-dist/tex/generic/oberdiek/ltxcmds.sty
Package: ltxcmds 2016/05/16 v1.23 LaTeX kernel commands for general use (HO)
)))
\Gin@req@height=\dimen102
\Gin@req@width=\dimen103
)
(/usr/local/texlive/2016/texmf-dist/tex/latex/amsfonts/amssymb.sty
Package: amssymb 2013/01/14 v3.01 AMS font symbols

(/usr/local/texlive/2016/texmf-dist/tex/latex/amsfonts/amsfonts.sty
Package: amsfonts 2013/01/14 v3.01 Basic AMSFonts support
\@emptytoks=\toks17
\symAMSa=\mathgroup5
\symAMSb=\mathgroup6
LaTeX Font Info:    Overwriting math alphabet `\mathfrak' in version `bold'
(Font)                  U/euf/m/n --> U/euf/b/n on input line 106.
LaTeX Info: Redefining \frak on input line 111.
LaTeX Info: Redefining \Bbb on input line 113.
))
(/usr/local/texlive/2016/texmf-dist/tex/generic/epsf/epsf.sty
This is `epsf.tex' v2.7.4 <14 February 2011>
\epsffilein=\read1
\epsfframemargin=\dimen104
\epsfframethickness=\dimen105
\epsfrsize=\dimen106
\epsftmp=\dimen107
\epsftsize=\dimen108
\epsfxsize=\dimen109
\epsfysize=\dimen110
\pspoints=\dimen111
)
\rptnum=\count95
\rptloopnum=\count96
\fncount=\count97
\endfncount=\count98
\c@front@matter@foot@note=\count99
\keys@width=\skip47
\c@lastfootnote=\count100
\tempsectnum=\count101
\ackbox=\box41
\c@remember@figure@num=\count102
\c@remember@table@num=\count103
\bibskip=\skip48
\bibindent=\dimen112
\plot@width=\skip49
\c@table@save=\count104
\@abovenoteskip=\dimen113
\table@note@skip=\skip50
\deluxe@table@width=\skip51
\@d@t@a=\skip52
\c@deluxe@table@num=\count105
\LTcapwidth=\dimen114
\abovedeluxetableskip=\skip53
\belowdeluxetableskip=\skip54
\lastrowheight=\dimen115
\DT@p@ftn=\toks18
\pt@column=\count106
\pt@ncol=\count107
 (/usr/local/texlive/2016/texmf-dist/tex/latex/tools/longtable.sty
Package: longtable 2014/10/28 v4.11 Multi-page Table package (DPC)
\LTleft=\skip55
\LTright=\skip56
\LTpre=\skip57
\LTpost=\skip58
\LTchunksize=\count108
\LTcapwidth=\dimen116
\LT@head=\box42
\LT@firsthead=\box43
\LT@foot=\box44
\LT@lastfoot=\box45
\LT@cols=\count109
\LT@rows=\count110
\c@LT@tables=\count111
\c@LT@chunks=\count112
\LT@p@ftn=\toks19
)
(/usr/local/texlive/2016/texmf-dist/tex/latex/xcolor/xcolor.sty
Package: xcolor 2016/05/11 v2.12 LaTeX color extensions (UK)

(/usr/local/texlive/2016/texmf-dist/tex/latex/graphics-cfg/color.cfg
File: color.cfg 2016/01/02 v1.6 sample color configuration
)
Package xcolor Info: Driver file: xetex.def on input line 225.
Package xcolor Info: Model `cmy' substituted by `cmy0' on input line 1348.
Package xcolor Info: Model `RGB' extended on input line 1364.
Package xcolor Info: Model `HTML' substituted by `rgb' on input line 1366.
Package xcolor Info: Model `Hsb' substituted by `hsb' on input line 1367.
Package xcolor Info: Model `tHsb' substituted by `hsb' on input line 1368.
Package xcolor Info: Model `HSB' substituted by `hsb' on input line 1369.
Package xcolor Info: Model `Gray' substituted by `gray' on input line 1370.
Package xcolor Info: Model `wave' substituted by `hsb' on input line 1371.
)
(/usr/local/texlive/2016/texmf-dist/tex/latex/hyperref/hyperref.sty
Package: hyperref 2016/05/05 v6.83n Hypertext links for LaTeX

(/usr/local/texlive/2016/texmf-dist/tex/generic/oberdiek/hobsub-hyperref.sty
Package: hobsub-hyperref 2016/05/16 v1.14 Bundle oberdiek, subset hyperref (HO)


(/usr/local/texlive/2016/texmf-dist/tex/generic/oberdiek/hobsub-generic.sty
Package: hobsub-generic 2016/05/16 v1.14 Bundle oberdiek, subset generic (HO)
Package: hobsub 2016/05/16 v1.14 Construct package bundles (HO)
Package hobsub Info: Skipping package `infwarerr' (already loaded).
Package hobsub Info: Skipping package `ltxcmds' (already loaded).
Package: ifluatex 2016/05/16 v1.4 Provides the ifluatex switch (HO)
Package ifluatex Info: LuaTeX not detected.
Package: ifvtex 2016/05/16 v1.6 Detect VTeX and its facilities (HO)
Package ifvtex Info: VTeX not detected.
Package: intcalc 2016/05/16 v1.2 Expandable calculations with integers (HO)
Package: ifpdf 2016/05/14 v3.1 Provides the ifpdf switch
Package: etexcmds 2016/05/16 v1.6 Avoid name clashes with e-TeX commands (HO)
Package etexcmds Info: Could not find \expanded.
(etexcmds)             That can mean that you are not using pdfTeX 1.50 or
(etexcmds)             that some package has redefined \expanded.
(etexcmds)             In the latter case, load this package earlier.
Package: kvsetkeys 2016/05/16 v1.17 Key value parser (HO)
Package: kvdefinekeys 2016/05/16 v1.4 Define keys (HO)
Package: pdftexcmds 2016/05/10 v0.21 Utility functions of pdfTeX for LuaTeX (HO
)
Package pdftexcmds Info: LuaTeX not detected.
Package pdftexcmds Info: pdfTeX >= 1.30 not detected.
Package pdftexcmds Info: \pdf@primitive is available.
Package pdftexcmds Info: \pdf@ifprimitive is available.
Package pdftexcmds Info: \pdfdraftmode not found.
Package: pdfescape 2016/05/16 v1.14 Implements pdfTeX's escape features (HO)
Package: bigintcalc 2016/05/16 v1.4 Expandable calculations on big integers (HO
)
Package: bitset 2016/05/16 v1.2 Handle bit-vector datatype (HO)
Package: uniquecounter 2016/05/16 v1.3 Provide unlimited unique counter (HO)
)
Package hobsub Info: Skipping package `hobsub' (already loaded).
Package: letltxmacro 2016/05/16 v1.5 Let assignment for LaTeX macros (HO)
Package: hopatch 2016/05/16 v1.3 Wrapper for package hooks (HO)
Package: xcolor-patch 2016/05/16 xcolor patch
Package: atveryend 2016/05/16 v1.9 Hooks at the very end of document (HO)
Package: atbegshi 2016/05/16 v1.17 At begin shipout hook (HO)
Package: refcount 2016/05/16 v3.5 Data extraction from label references (HO)
Package: hycolor 2016/05/16 v1.8 Color options for hyperref/bookmark (HO)
)
(/usr/local/texlive/2016/texmf-dist/tex/generic/ifxetex/ifxetex.sty
Package: ifxetex 2010/09/12 v0.6 Provides ifxetex conditional
)
(/usr/local/texlive/2016/texmf-dist/tex/latex/oberdiek/auxhook.sty
Package: auxhook 2016/05/16 v1.4 Hooks for auxiliary files (HO)
)
(/usr/local/texlive/2016/texmf-dist/tex/latex/oberdiek/kvoptions.sty
Package: kvoptions 2016/05/16 v3.12 Key value format for package options (HO)
)
\@linkdim=\dimen117
\Hy@linkcounter=\count113
\Hy@pagecounter=\count114

(/usr/local/texlive/2016/texmf-dist/tex/latex/hyperref/pd1enc.def
File: pd1enc.def 2016/05/05 v6.83n Hyperref: PDFDocEncoding definition (HO)
)
\Hy@SavedSpaceFactor=\count115

(/usr/local/texlive/2016/texmf-dist/tex/latex/latexconfig/hyperref.cfg
File: hyperref.cfg 2002/06/06 v1.2 hyperref configuration of TeXLive
)
Package hyperref Info: Option `bookmarks' set `true' on input line 4322.
Package hyperref Info: Option `pdfnewwindow' set `true' on input line 4322.
Package hyperref Info: Option `colorlinks' set `true' on input line 4322.
Package hyperref Info: Option `final' set `true' on input line 4322.
Package hyperref Info: Hyper figures OFF on input line 4446.
Package hyperref Info: Link nesting OFF on input line 4451.
Package hyperref Info: Hyper index ON on input line 4454.
Package hyperref Info: Plain pages OFF on input line 4461.
Package hyperref Info: Backreferencing OFF on input line 4466.
Package hyperref Info: Implicit mode ON; LaTeX internals redefined.
Package hyperref Info: Bookmarks ON on input line 4691.
LaTeX Info: Redefining \href on input line 4955.
\c@Hy@tempcnt=\count116
LaTeX Info: Redefining \url on input line 5044.
\XeTeXLinkMargin=\dimen118
\Fld@menulength=\count117
\Field@Width=\dimen119
\Fld@charsize=\dimen120
Package hyperref Info: Hyper figures OFF on input line 6298.
Package hyperref Info: Link nesting OFF on input line 6303.
Package hyperref Info: Hyper index ON on input line 6306.
Package hyperref Info: backreferencing OFF on input line 6313.
Package hyperref Info: Link coloring ON on input line 6316.
Package hyperref Info: Link coloring with OCG OFF on input line 6323.
Package hyperref Info: PDF/A mode OFF on input line 6328.
LaTeX Info: Redefining \ref on input line 6368.
LaTeX Info: Redefining \pageref on input line 6372.
\Hy@abspage=\count118
\c@Item=\count119
\c@Hfootnote=\count120
)

Package hyperref Message: Driver (autodetected): hxetex.

(/usr/local/texlive/2016/texmf-dist/tex/latex/hyperref/hxetex.def
File: hxetex.def 2016/05/05 v6.83n Hyperref driver for XeTeX

(/usr/local/texlive/2016/texmf-dist/tex/latex/hyperref/puenc.def
File: puenc.def 2016/05/05 v6.83n Hyperref: PDF Unicode definition (HO)
)
(/usr/local/texlive/2016/texmf-dist/tex/generic/oberdiek/stringenc.sty
Package: stringenc 2016/05/16 v1.11 Convert strings between diff. encodings (HO
)
)
\pdfm@box=\box46
\c@Hy@AnnotLevel=\count121
\HyField@AnnotCount=\count122
\Fld@listcount=\count123
\c@bookmark@seq@number=\count124

(/usr/local/texlive/2016/texmf-dist/tex/latex/oberdiek/rerunfilecheck.sty
Package: rerunfilecheck 2016/05/16 v1.8 Rerun checks for auxiliary files (HO)
Package rerunfilecheck Info: Feature \pdfmdfivesum is not available
(rerunfilecheck)             (e.g. pdfTeX or LuaTeX with package `pdftexcmds').

(rerunfilecheck)             Therefore file contents cannot be checked efficien
tly
(rerunfilecheck)             and the loading of the package is aborted.
)
\Hy@SectionHShift=\skip59
)
(/usr/local/texlive/2016/texmf-dist/tex/latex/tools/array.sty
Package: array 2014/10/28 v2.4c Tabular extension package (FMi)
\col@sep=\dimen121
\extrarowheight=\dimen122
\NC@list=\toks20
\extratabsurround=\skip60
\backup@length=\skip61
)
\colcount=\count125
\firstcolcount=\count126
\secondcolcount=\count127
\thirdcolcount=\count128
\columncount=\count129
\howmanyDs=\count130
\firsthowmanyDs=\count131
\secondhowmanyDs=\count132
\PartsOfTable=\count133
\columnoneandtwo=\count134
\colnumsused=\count135
\loopnum=\count136
\totalcolumncount=\count137
\totalcolumns=\count138
\firsttablebox=\box47
\secondtablebox=\box48
\thirdtablebox=\box49
\longtablebox=\box50
\splitbox=\box51
\movetabledown=\dimen123
\maxtablewidth=\dimen124
\savetabskip=\dimen125
\tempcounter=\count139
\colheadcount=\count140
\rotatetablebox=\box52
\colorcount=\count141
\refchangenumber=\count142
\listchangenum=\count143

(/usr/local/texlive/2016/texmf-dist/tex/generic/ulem/ulem.sty
\UL@box=\box53
\UL@hyphenbox=\box54
\UL@skip=\skip62
\UL@hook=\toks21
\UL@height=\dimen126
\UL@pe=\count144
\UL@pixel=\dimen127
\ULC@box=\box55
Package: ulem 2012/05/18
\ULdepth=\dimen128
)
\entriesinthiscollab=\count145
\allentries=\count146
\AuthorCollaborationLimit=\count147
\largestAffilNum=\count148
\totalentries=\count149
\docollabnum=\count150
\tempauthornumber=\count151
\countauthors=\count152
\testnum=\count153
\tempauthorminusone=\count154
\affilnum=\count155
\c@affilcount=\count156
\numauthors=\count157
\collabnum=\count158
\collabnamebox=\box56
\widetext@top=\box57
\widetext@bot=\box58
\movetableright=\dimen129
)
Class revtex4-1 Info: Unrecognized array package. Please update this document c
lass! (Proceeding with fingers crossed.) on input line 8.
Class revtex4-1 Info: Patching unrecognized longtable package. (Proceeding with
 fingers crossed) on input line 8.
Class revtex4-1 Info: Robustifying \LaTeX's \boldmath command on input line 8.
Class revtex4-1 Info: cite was not loaded (OK!) on input line 8.
Class revtex4-1 Info: mcite was not loaded (OK!) on input line 8.
Class revtex4-1 Info: multicol was not loaded (OK!) on input line 8.

(./plot_figure_LW.aux)
\openout1 = `plot_figure_LW.aux'.

LaTeX Font Info:    Checking defaults for OML/cmm/m/it on input line 8.
LaTeX Font Info:    ... okay on input line 8.
LaTeX Font Info:    Checking defaults for T1/cmr/m/n on input line 8.
LaTeX Font Info:    ... okay on input line 8.
LaTeX Font Info:    Checking defaults for OT1/cmr/m/n on input line 8.
LaTeX Font Info:    ... okay on input line 8.
LaTeX Font Info:    Checking defaults for OMS/cmsy/m/n on input line 8.
LaTeX Font Info:    ... okay on input line 8.
LaTeX Font Info:    Checking defaults for OMX/cmex/m/n on input line 8.
LaTeX Font Info:    ... okay on input line 8.
LaTeX Font Info:    Checking defaults for U/cmr/m/n on input line 8.
LaTeX Font Info:    ... okay on input line 8.
LaTeX Font Info:    Checking defaults for PD1/pdf/m/n on input line 8.
LaTeX Font Info:    ... okay on input line 8.
LaTeX Font Info:    Checking defaults for PU/pdf/m/n on input line 8.
LaTeX Font Info:    ... okay on input line 8.
\AtBeginShipoutBox=\box59
Package hyperref Info: Link coloring ON on input line 8.

(/usr/local/texlive/2016/texmf-dist/tex/latex/hyperref/nameref.sty
Package: nameref 2012/10/27 v2.43 Cross-referencing by name of section

(/usr/local/texlive/2016/texmf-dist/tex/generic/oberdiek/gettitlestring.sty
Package: gettitlestring 2016/05/16 v1.5 Cleanup title references (HO)
)
\c@section@level=\count159
)
LaTeX Info: Redefining \ref on input line 8.
LaTeX Info: Redefining \pageref on input line 8.
LaTeX Info: Redefining \nameref on input line 8.

(./plot_figure_LW.out) (./plot_figure_LW.out)
\@outlinefile=\write4
\openout4 = `plot_figure_LW.out'.

File: /Users/baotong/Desktop/aas/V63/figure/LW/pfold_lc_324001.eps Graphic file
 (type eps)

</Users/baotong/Desktop/aas/V63/figure/LW/pfold_lc_324001.eps>
File: /Users/baotong/Desktop/aas/V63/figure/LW/324001_lc.eps Graphic file (type
 eps)

</Users/baotong/Desktop/aas/V63/figure/LW/324001_lc.eps>
File: /Users/baotong/Desktop/aas/V63/figure/LW/324001.ps Graphic file (type eps
)

</Users/baotong/Desktop/aas/V63/figure/LW/324001.ps>
File: /Users/baotong/Desktop/aas/V63/figure/LW/pfold_lc_118.eps Graphic file (t
ype eps)

</Users/baotong/Desktop/aas/V63/figure/LW/pfold_lc_118.eps>
File: /Users/baotong/Desktop/aas/V63/figure/LW/118_lc.eps Graphic file (type ep
s)

</Users/baotong/Desktop/aas/V63/figure/LW/118_lc.eps>
File: /Users/baotong/Desktop/aas/V63/figure/LW/118.ps Graphic file (type eps)

</Users/baotong/Desktop/aas/V63/figure/LW/118.ps>
File: /Users/baotong/Desktop/aas/V63/figure/LW/pfold_lc_16.eps Graphic file (ty
pe eps)

</Users/baotong/Desktop/aas/V63/figure/LW/pfold_lc_16.eps>
File: /Users/baotong/Desktop/aas/V63/figure/LW/16_lc.eps Graphic file (type eps
)

</Users/baotong/Desktop/aas/V63/figure/LW/16_lc.eps>
File: /Users/baotong/Desktop/aas/V63/figure/LW/16.ps Graphic file (type eps)

</Users/baotong/Desktop/aas/V63/figure/LW/16.ps>
File: /Users/baotong/Desktop/aas/V63/figure/LW/pfold_lc_206.eps Graphic file (t
ype eps)

</Users/baotong/Desktop/aas/V63/figure/LW/pfold_lc_206.eps>
File: /Users/baotong/Desktop/aas/V63/figure/LW/206_lc.eps Graphic file (type ep
s)

</Users/baotong/Desktop/aas/V63/figure/LW/206_lc.eps>
File: /Users/baotong/Desktop/aas/V63/figure/LW/206.ps Graphic file (type eps)

</Users/baotong/Desktop/aas/V63/figure/LW/206.ps>
File: /Users/baotong/Desktop/aas/V63/figure/LW/pfold_lc_40.eps Graphic file (ty
pe eps)

</Users/baotong/Desktop/aas/V63/figure/LW/pfold_lc_40.eps>
File: /Users/baotong/Desktop/aas/V63/figure/LW/40_lc.eps Graphic file (type eps
)

</Users/baotong/Desktop/aas/V63/figure/LW/40_lc.eps>
File: /Users/baotong/Desktop/aas/V63/figure/LW/40.ps Graphic file (type eps)

</Users/baotong/Desktop/aas/V63/figure/LW/40.ps>
File: /Users/baotong/Desktop/aas/V63/figure/LW/pfold_lc_20.eps Graphic file (ty
pe eps)

</Users/baotong/Desktop/aas/V63/figure/LW/pfold_lc_20.eps>
File: /Users/baotong/Desktop/aas/V63/figure/LW/20_lc.eps Graphic file (type eps
)

</Users/baotong/Desktop/aas/V63/figure/LW/20_lc.eps>
File: /Users/baotong/Desktop/aas/V63/figure/LW/20.ps Graphic file (type eps)

</Users/baotong/Desktop/aas/V63/figure/LW/20.ps>
File: /Users/baotong/Desktop/aas/V63/figure/LW/pfold_lc_88.eps Graphic file (ty
pe eps)

</Users/baotong/Desktop/aas/V63/figure/LW/pfold_lc_88.eps>
File: /Users/baotong/Desktop/aas/V63/figure/LW/88_lc.eps Graphic file (type eps
)

</Users/baotong/Desktop/aas/V63/figure/LW/88_lc.eps>
File: /Users/baotong/Desktop/aas/V63/figure/LW/88.ps Graphic file (type eps)

</Users/baotong/Desktop/aas/V63/figure/LW/88.ps>
File: /Users/baotong/Desktop/aas/V63/figure/LW/pfold_lc_141.eps Graphic file (t
ype eps)

</Users/baotong/Desktop/aas/V63/figure/LW/pfold_lc_141.eps>
File: /Users/baotong/Desktop/aas/V63/figure/LW/141_lc.eps Graphic file (type ep
s)

</Users/baotong/Desktop/aas/V63/figure/LW/141_lc.eps>
File: /Users/baotong/Desktop/aas/V63/figure/LW/141.ps Graphic file (type eps)

</Users/baotong/Desktop/aas/V63/figure/LW/141.ps>
(/usr/local/texlive/2016/texmf-dist/tex/generic/oberdiek/se-ascii-print.def
File: se-ascii-print.def 2016/05/16 v1.11 stringenc: Printable ASCII characters

)
[1]
File: /Users/baotong/Desktop/aas/V63/figure/LW/pfold_lc_521.eps Graphic file (t
ype eps)
 </Users/baotong/Desktop/aas/V63/figure/LW/pfold_lc_521.eps>
File: /Users/baotong/Desktop/aas/V63/figure/LW/521_lc.eps Graphic file (type ep
s)

</Users/baotong/Desktop/aas/V63/figure/LW/521_lc.eps>
File: /Users/baotong/Desktop/aas/V63/figure/LW/521.ps Graphic file (type eps)

</Users/baotong/Desktop/aas/V63/figure/LW/521.ps>
File: /Users/baotong/Desktop/aas/V63/figure/LW/pfold_lc_229.eps Graphic file (t
ype eps)

</Users/baotong/Desktop/aas/V63/figure/LW/pfold_lc_229.eps>
File: /Users/baotong/Desktop/aas/V63/figure/LW/229_lc.eps Graphic file (type ep
s)

</Users/baotong/Desktop/aas/V63/figure/LW/229_lc.eps>
File: /Users/baotong/Desktop/aas/V63/figure/LW/229.ps Graphic file (type eps)

</Users/baotong/Desktop/aas/V63/figure/LW/229.ps>
File: /Users/baotong/Desktop/aas/V63/figure/LW/pfold_lc_42.eps Graphic file (ty
pe eps)

</Users/baotong/Desktop/aas/V63/figure/LW/pfold_lc_42.eps>
File: /Users/baotong/Desktop/aas/V63/figure/LW/42_lc.eps Graphic file (type eps
)

</Users/baotong/Desktop/aas/V63/figure/LW/42_lc.eps>
File: /Users/baotong/Desktop/aas/V63/figure/LW/42.ps Graphic file (type eps)

</Users/baotong/Desktop/aas/V63/figure/LW/42.ps>
File: /Users/baotong/Desktop/aas/V63/figure/LW/pfold_lc_513.eps Graphic file (t
ype eps)

</Users/baotong/Desktop/aas/V63/figure/LW/pfold_lc_513.eps>
File: /Users/baotong/Desktop/aas/V63/figure/LW/513_lc.eps Graphic file (type ep
s)

</Users/baotong/Desktop/aas/V63/figure/LW/513_lc.eps>
File: /Users/baotong/Desktop/aas/V63/figure/LW/513.ps Graphic file (type eps)

</Users/baotong/Desktop/aas/V63/figure/LW/513.ps> [2]
File: /Users/baotong/Desktop/aas/V63/figure/LW/pfold_lc_371.eps Graphic file (t
ype eps)

</Users/baotong/Desktop/aas/V63/figure/LW/pfold_lc_371.eps>
File: /Users/baotong/Desktop/aas/V63/figure/LW/371_lc.eps Graphic file (type ep
s)

</Users/baotong/Desktop/aas/V63/figure/LW/371_lc.eps>
File: /Users/baotong/Desktop/aas/V63/figure/LW/371.ps Graphic file (type eps)

</Users/baotong/Desktop/aas/V63/figure/LW/371.ps>
File: /Users/baotong/Desktop/aas/V63/figure/LW/pfold_lc_324002.eps Graphic file
 (type eps)

</Users/baotong/Desktop/aas/V63/figure/LW/pfold_lc_324002.eps>
File: /Users/baotong/Desktop/aas/V63/figure/LW/324002_lc.eps Graphic file (type
 eps)

</Users/baotong/Desktop/aas/V63/figure/LW/324002_lc.eps>
File: /Users/baotong/Desktop/aas/V63/figure/LW/324002.ps Graphic file (type eps
)

</Users/baotong/Desktop/aas/V63/figure/LW/324002.ps>
File: /Users/baotong/Desktop/aas/V63/figure/LW/pfold_lc_196.eps Graphic file (t
ype eps)

</Users/baotong/Desktop/aas/V63/figure/LW/pfold_lc_196.eps>
File: /Users/baotong/Desktop/aas/V63/figure/LW/196_lc.eps Graphic file (type ep
s)

</Users/baotong/Desktop/aas/V63/figure/LW/196_lc.eps>
File: /Users/baotong/Desktop/aas/V63/figure/LW/196.ps Graphic file (type eps)

</Users/baotong/Desktop/aas/V63/figure/LW/196.ps>
File: /Users/baotong/Desktop/aas/V63/figure/LW/pfold_lc_152.eps Graphic file (t
ype eps)

</Users/baotong/Desktop/aas/V63/figure/LW/pfold_lc_152.eps>
File: /Users/baotong/Desktop/aas/V63/figure/LW/152_lc.eps Graphic file (type ep
s)

</Users/baotong/Desktop/aas/V63/figure/LW/152_lc.eps>
File: /Users/baotong/Desktop/aas/V63/figure/LW/152.ps Graphic file (type eps)

</Users/baotong/Desktop/aas/V63/figure/LW/152.ps> [3]
File: /Users/baotong/Desktop/aas/V63/figure/LW/pfold_lc_194.eps Graphic file (t
ype eps)

</Users/baotong/Desktop/aas/V63/figure/LW/pfold_lc_194.eps>
File: /Users/baotong/Desktop/aas/V63/figure/LW/194_lc.eps Graphic file (type ep
s)

</Users/baotong/Desktop/aas/V63/figure/LW/194_lc.eps>
File: /Users/baotong/Desktop/aas/V63/figure/LW/194.ps Graphic file (type eps)

</Users/baotong/Desktop/aas/V63/figure/LW/194.ps>
File: /Users/baotong/Desktop/aas/V63/figure/LW/pfold_lc_99.eps Graphic file (ty
pe eps)

</Users/baotong/Desktop/aas/V63/figure/LW/pfold_lc_99.eps>
File: /Users/baotong/Desktop/aas/V63/figure/LW/99_lc.eps Graphic file (type eps
)

</Users/baotong/Desktop/aas/V63/figure/LW/99_lc.eps>
File: /Users/baotong/Desktop/aas/V63/figure/LW/99.ps Graphic file (type eps)

</Users/baotong/Desktop/aas/V63/figure/LW/99.ps>
File: /Users/baotong/Desktop/aas/V63/figure/LW/pfold_lc_191.eps Graphic file (t
ype eps)

</Users/baotong/Desktop/aas/V63/figure/LW/pfold_lc_191.eps>
File: /Users/baotong/Desktop/aas/V63/figure/LW/191_lc.eps Graphic file (type ep
s)

</Users/baotong/Desktop/aas/V63/figure/LW/191_lc.eps>
File: /Users/baotong/Desktop/aas/V63/figure/LW/191.ps Graphic file (type eps)

</Users/baotong/Desktop/aas/V63/figure/LW/191.ps>
File: /Users/baotong/Desktop/aas/V63/figure/LW/pfold_lc_500.eps Graphic file (t
ype eps)

</Users/baotong/Desktop/aas/V63/figure/LW/pfold_lc_500.eps>
File: /Users/baotong/Desktop/aas/V63/figure/LW/500_lc.eps Graphic file (type ep
s)

</Users/baotong/Desktop/aas/V63/figure/LW/500_lc.eps>
File: /Users/baotong/Desktop/aas/V63/figure/LW/500.ps Graphic file (type eps)

</Users/baotong/Desktop/aas/V63/figure/LW/500.ps> [4]
File: /Users/baotong/Desktop/aas/V63/figure/LW/pfold_lc_153001.eps Graphic file
 (type eps)

</Users/baotong/Desktop/aas/V63/figure/LW/pfold_lc_153001.eps>
File: /Users/baotong/Desktop/aas/V63/figure/LW/153001_lc.eps Graphic file (type
 eps)

</Users/baotong/Desktop/aas/V63/figure/LW/153001_lc.eps>
File: /Users/baotong/Desktop/aas/V63/figure/LW/153001.ps Graphic file (type eps
)

</Users/baotong/Desktop/aas/V63/figure/LW/153001.ps>
File: /Users/baotong/Desktop/aas/V63/figure/LW/pfold_lc_153002.eps Graphic file
 (type eps)

</Users/baotong/Desktop/aas/V63/figure/LW/pfold_lc_153002.eps>
File: /Users/baotong/Desktop/aas/V63/figure/LW/153002_lc.eps Graphic file (type
 eps)

</Users/baotong/Desktop/aas/V63/figure/LW/153002_lc.eps>
File: /Users/baotong/Desktop/aas/V63/figure/LW/153002.ps Graphic file (type eps
)

</Users/baotong/Desktop/aas/V63/figure/LW/153002.ps>
File: /Users/baotong/Desktop/aas/V63/figure/LW/pfold_lc_114.eps Graphic file (t
ype eps)

</Users/baotong/Desktop/aas/V63/figure/LW/pfold_lc_114.eps>
File: /Users/baotong/Desktop/aas/V63/figure/LW/114_lc.eps Graphic file (type ep
s)

</Users/baotong/Desktop/aas/V63/figure/LW/114_lc.eps>
File: /Users/baotong/Desktop/aas/V63/figure/LW/114.ps Graphic file (type eps)

</Users/baotong/Desktop/aas/V63/figure/LW/114.ps>
File: /Users/baotong/Desktop/aas/V63/figure/LW/pfold_lc_244.eps Graphic file (t
ype eps)

</Users/baotong/Desktop/aas/V63/figure/LW/pfold_lc_244.eps>
File: /Users/baotong/Desktop/aas/V63/figure/LW/244_lc.eps Graphic file (type ep
s)

</Users/baotong/Desktop/aas/V63/figure/LW/244_lc.eps>
File: /Users/baotong/Desktop/aas/V63/figure/LW/244.ps Graphic file (type eps)

</Users/baotong/Desktop/aas/V63/figure/LW/244.ps> [5] [6]
Package atveryend Info: Empty hook `AfterLastShipout' on input line 153.
 (./plot_figure_LW.aux)
Package atveryend Info: Empty hook `AtVeryEndDocument' on input line 153.
Package atveryend Info: Empty hook `AtEndAfterFileList' on input line 153.
 ) 
Here is how much of TeX's memory you used:
 11801 strings out of 493591
 161883 string characters out of 6143547
 267062 words of memory out of 5000000
 15085 multiletter control sequences out of 15000+600000
 5007 words of font info for 18 fonts, out of 8000000 for 9000
 1347 hyphenation exceptions out of 8191
 36i,5n,37p,391b,327s stack positions out of 5000i,500n,10000p,200000b,80000s

Output written on plot_figure_LW.pdf (6 pages).
